<?xml version="1.0" encoding="UTF-8"?>
<testsuite name="Tests" tests="7" skipped="0" failures="0" errors="0" timestamp="2022-12-17T17:45:04" hostname="NB-5CG4340LWC" time="0.031">
  <properties/>
  <testcase name="stringReplacer()" classname="Tests" time="0.001"/>
  <testcase name="stringDrink()" classname="Tests" time="0.001"/>
  <testcase name="stringInverter()" classname="Tests" time="0.001"/>
  <testcase name="transformerGroup()" classname="Tests" time="0.02"/>
  <testcase name="transformerComposite()" classname="Tests" time="0.001"/>
  <testcase name="stringRecipe()" classname="Tests" time="0.0"/>
  <testcase name="stringCaseChanger()" classname="Tests" time="0.001"/>
  <system-out><![CDATA[]]></system-out>
  <system-err><![CDATA[]]></system-err>
</testsuite>
